<?xml version="1.0" encoding="UTF-8"?>
<testsuite xmlns:xsi="http://www.w3.org/2001/XMLSchema-instance" xsi:noNamespaceSchemaLocation="https://maven.apache.org/surefire/maven-surefire-plugin/xsd/surefire-test-report-3.0.xsd" version="3.0" name="com.katusoft.StringUtilTest" time="0.066" tests="1" errors="0" skipped="0" failures="0">
  <properties>
    <property name="java.specification.version" value="21"/>
    <property name="sun.cpu.isalist" value="amd64"/>
    <property name="sun.jnu.encoding" value="Cp1252"/>
    <property name="java.class.path" value="D:\proyectos\cursoTestJava\javatests\target\test-classes;D:\proyectos\cursoTestJava\javatests\target\classes;C:\Users\MIGUEL\.m2\repository\org\junit\jupiter\junit-jupiter-engine\5.11.4\junit-jupiter-engine-5.11.4.jar;C:\Users\MIGUEL\.m2\repository\org\junit\platform\junit-platform-engine\1.11.4\junit-platform-engine-1.11.4.jar;C:\Users\MIGUEL\.m2\repository\org\opentest4j\opentest4j\1.3.0\opentest4j-1.3.0.jar;C:\Users\MIGUEL\.m2\repository\org\junit\platform\junit-platform-commons\1.11.4\junit-platform-commons-1.11.4.jar;C:\Users\MIGUEL\.m2\repository\org\junit\jupiter\junit-jupiter-api\5.11.4\junit-jupiter-api-5.11.4.jar;C:\Users\MIGUEL\.m2\repository\org\apiguardian\apiguardian-api\1.1.2\apiguardian-api-1.1.2.jar;"/>
    <property name="java.vm.vendor" value="Eclipse Adoptium"/>
    <property name="sun.arch.data.model" value="64"/>
    <property name="user.variant" value=""/>
    <property name="java.vendor.url" value="https://adoptium.net/"/>
    <property name="user.timezone" value="America/Bogota"/>
    <property name="user.country.format" value="US"/>
    <property name="os.name" value="Windows 11"/>
    <property name="java.vm.specification.version" value="21"/>
    <property name="sun.java.launcher" value="SUN_STANDARD"/>
    <property name="user.country" value="MX"/>
    <property name="sun.boot.library.path" value="C:\Program Files\Eclipse Adoptium\jdk-21.0.5.11-hotspot\bin"/>
    <property name="sun.java.command" value="C:\Users\MIGUEL\AppData\Local\Temp\surefire9419535650276140837\surefirebooter421287027599133890.jar C:\Users\MIGUEL\AppData\Local\Temp\surefire9419535650276140837 2025-04-21T17-33-48_570-jvmRun1 surefire12791179761581713545tmp surefire_018017333190936300368tmp"/>
    <property name="jdk.debug" value="release"/>
    <property name="surefire.test.class.path" value="D:\proyectos\cursoTestJava\javatests\target\test-classes;D:\proyectos\cursoTestJava\javatests\target\classes;C:\Users\MIGUEL\.m2\repository\org\junit\jupiter\junit-jupiter-engine\5.11.4\junit-jupiter-engine-5.11.4.jar;C:\Users\MIGUEL\.m2\repository\org\junit\platform\junit-platform-engine\1.11.4\junit-platform-engine-1.11.4.jar;C:\Users\MIGUEL\.m2\repository\org\opentest4j\opentest4j\1.3.0\opentest4j-1.3.0.jar;C:\Users\MIGUEL\.m2\repository\org\junit\platform\junit-platform-commons\1.11.4\junit-platform-commons-1.11.4.jar;C:\Users\MIGUEL\.m2\repository\org\junit\jupiter\junit-jupiter-api\5.11.4\junit-jupiter-api-5.11.4.jar;C:\Users\MIGUEL\.m2\repository\org\apiguardian\apiguardian-api\1.1.2\apiguardian-api-1.1.2.jar;"/>
    <property name="sun.cpu.endian" value="little"/>
    <property name="user.home" value="C:\Users\MIGUEL"/>
    <property name="user.language" value="es"/>
    <property name="java.specification.vendor" value="Oracle Corporation"/>
    <property name="java.version.date" value="2024-10-15"/>
    <property name="java.home" value="C:\Program Files\Eclipse Adoptium\jdk-21.0.5.11-hotspot"/>
    <property name="file.separator" value="\"/>
    <property name="basedir" value="D:\proyectos\cursoTestJava\javatests"/>
    <property name="java.vm.compressedOopsMode" value="Zero based"/>
    <property name="line.separator" value="&#10;"/>
    <property name="java.vm.specification.vendor" value="Oracle Corporation"/>
    <property name="java.specification.name" value="Java Platform API Specification"/>
    <property name="surefire.real.class.path" value="C:\Users\MIGUEL\AppData\Local\Temp\surefire9419535650276140837\surefirebooter421287027599133890.jar"/>
    <property name="user.script" value=""/>
    <property name="sun.management.compiler" value="HotSpot 64-Bit Tiered Compilers"/>
    <property name="java.runtime.version" value="21.0.5+11-LTS"/>
    <property name="user.name" value="MIGUEL"/>
    <property name="stdout.encoding" value="Cp1252"/>
    <property name="path.separator" value=";"/>
    <property name="os.version" value="10.0"/>
    <property name="java.runtime.name" value="OpenJDK Runtime Environment"/>
    <property name="file.encoding" value="UTF-8"/>
    <property name="java.vm.name" value="OpenJDK 64-Bit Server VM"/>
    <property name="java.vendor.version" value="Temurin-21.0.5+11"/>
    <property name="localRepository" value="C:\Users\MIGUEL\.m2\repository"/>
    <property name="java.vendor.url.bug" value="https://github.com/adoptium/adoptium-support/issues"/>
    <property name="java.io.tmpdir" value="C:\Users\MIGUEL\AppData\Local\Temp\"/>
    <property name="java.version" value="21.0.5"/>
    <property name="user.dir" value="D:\proyectos\cursoTestJava\javatests"/>
    <property name="os.arch" value="amd64"/>
    <property name="java.vm.specification.name" value="Java Virtual Machine Specification"/>
    <property name="user.language.format" value="en"/>
    <property name="sun.os.patch.level" value=""/>
    <property name="native.encoding" value="Cp1252"/>
    <property name="java.library.path" value="C:\Program Files\Eclipse Adoptium\jdk-21.0.5.11-hotspot\bin;C:\WINDOWS\Sun\Java\bin;C:\WINDOWS\system32;C:\WINDOWS;C:\Program Files\PowerShell\7;C:\Program Files (x86)\oh-my-posh\bin\;C:\Program Files\Eclipse Adoptium\jdk-21.0.5.11-hotspot\bin;C:\Program Files\WindowsApps\Microsoft.PowerShell_7.4.2.0_x64__8wekyb3d8bbwe;C:\Program Files (x86)\oh-my-posh\bin\;C:\Program Files\Eclipse Adoptium\jdk-21.0.5.11-hotspot\bin;C:\Program Files\WindowsApps\Microsoft.PowerShell_7.4.2.0_x64__8wekyb3d8bbwe;C:\Program Files (x86)\oh-my-posh\bin\;C:\Program Files\Eclipse Adoptium\jdk-21.0.5.11-hotspot\bin;C:\Program Files\WindowsApps\Microsoft.PowerShell_7.4.2.0_x64__8wekyb3d8bbwe;%PATH%;C:\laragon\bin\php\php-8.4.4-Win32-vs17-x64;C:\Users\MIGUEL\AppData\Local\Programs\oh-my-posh\bin;C:\Users\MIGUEL\AppData\Roaming\npm;C:\Users\MIGUEL\.dotnet\tools;C:\Users\MIGUEL\AppData\Local\Programs\Microsoft VS Code\bin;C:\Program Files\dotnet;C:\Program Files\nodejs;C:\ProgramData\ComposerSetup\bin;C:\Program Files\dotnet\;C:\Program Files\Microsoft SQL Server\Client SDK\ODBC\170\Tools\Binn\;C:\Program Files (x86)\GnuWin32\bin;C:\Users\MIGUEL\AppData\Local\Programs\Python\Python312\Lib\site-packages;C:\ProgramData\chocolatey\bin;C:\Program Files (x86)\Lua\5.1;C:\Program Files (x86)\Lua\5.1\clibs;C:\Users\MIGUEL\Downloads\luarocks-3.11.1-windows-64\luarocks-3.11.1-windows-64;C:\Program Files\Neovim\bin;C:\mingw64\bin;C:\Program Files\7-Zip;C:\Program Files\Calibre2\;C:\Program Files\MongoDB\Server\7.0\bin;C:\Program Files\MongoDB\mongosh-2.3.1-win32-x64\bin;C:\WINDOWS\system32;C:\WINDOWS;C:\WINDOWS\System32\Wbem;C:\WINDOWS\System32\WindowsPowerShell\v1.0\;C:\WINDOWS\System32\OpenSSH\;C:\Program Files\Eclipse Adoptium\jdk-21.0.5.11-hotspot\bin;C:\Program Files (x86)\Microsoft SQL Server\160\DTS\Binn\;C:\Program Files\MySQL\MySQL Server 8.0\bin;C:\Program Files\PowerShell\7\;C:\Program Files\apache-maven-3.9.9\bin;C:\Program Files\Eclipse Adoptium\jdk-21.0.5.11-hotspot\bin;C:\Users\MIGUEL\AppData\Local\Programs\Python\Python313;C:\Program Files\nodejs\;C:\Program Files\NVIDIA Corporation\NVIDIA app\NvDLISR;C:\Program Files (x86)\NVIDIA Corporation\PhysX\Common;C:\laragon\bin;C:\laragon\bin\apache\httpd-2.4.63-250207-win64-VS17\bin;C:\laragon\bin\composer;C:\laragon\bin\git\bin;C:\laragon\bin\git\cmd;C:\laragon\bin\git\mingw64\bin;C:\laragon\bin\git\usr\bin;C:\laragon\bin\laragon\utils;C:\laragon\bin\mysql\mysql-8.4.3-winx64\bin;C:\laragon\bin\nginx\nginx-1.27.3;C:\laragon\bin\ngrok;C:\laragon\bin\nodejs\node-v22;C:\laragon\bin\notepad++;C:\laragon\bin\python\python-3.13;C:\laragon\bin\python\python-3.13\Scripts;C:\laragon\bin\redis\redis-x64-5.0.14.1;C:\laragon\bin\telnet;C:\laragon\usr\bin;C:\Users\MIGUEL\AppData\Local\Yarn\config\global\node_modules\.bin;C:\Users\MIGUEL\AppData\Roaming\Composer\vendor\bin;C:\Users\MIGUEL\AppData\Local\Programs\Python\Launcher\;C:\Program Files\MySQL\MySQL Shell 8.0\bin\;C:\Users\MIGUEL\scoop\shims;C:\Program Files\Eclipse Adoptium\jdk-8.0.412.8-hotspot\bin;C:\windows\System32;C:\Users\MIGUEL\AppData\Roaming\Composer\vendor\composer;C:\Users\MIGUEL\AppData\Local\nvim;C:\Users\MIGUEL\AppData\Roaming\Programs\Zero Install;C:\Users\MIGUEL\AppData\Local\Microsoft\WindowsApps;C:\Exercism;C:\Users\MIGUEL\AppData\Local\Programs\cursor\resources\app\bin;C:\laragon\bin\php\php-8.4.4-Win32-vs17-x64;C:\Users\MIGUEL\AppData\Local\Programs\oh-my-posh\bin;C:\Users\MIGUEL\AppData\Roaming\npm;C:\Users\MIGUEL\.dotnet\tools;C:\Users\MIGUEL\AppData\Local\Programs\Microsoft VS Code\bin;C:\Program Files\dotnet;C:\Program Files\nodejs;C:\ProgramData\ComposerSetup\bin;C:\Program Files\dotnet\;C:\Program Files\Microsoft SQL Server\Client SDK\ODBC\170\Tools\Binn\;C:\Program Files (x86)\GnuWin32\bin;C:\Users\MIGUEL\AppData\Local\Programs\Python\Python312\Lib\site-packages;C:\ProgramData\chocolatey\bin;C:\Program Files (x86)\Lua\5.1;C:\Program Files (x86)\Lua\5.1\clibs;C:\Users\MIGUEL\Downloads\luarocks-3.11.1-windows-64\luarocks-3.11.1-windows-64;C:\Program Files\Neovim\bin;C:\mingw64\bin;C:\Program Files\7-Zip;C:\Program Files\Calibre2\;C:\Program Files\MongoDB\Server\7.0\bin;C:\Program Files\MongoDB\mongosh-2.3.1-win32-x64\bin;C:\WINDOWS\system32;C:\WINDOWS;C:\Program Files\Microsoft SQL Server\150\Tools\Binn\;C:\Program Files\Git\cmd;C:\laragon\bin;C:\laragon\bin\apache\httpd-2.4.63-250207-win64-VS17\bin;C:\laragon\bin\composer;C:\laragon\bin\git\bin;C:\laragon\bin\git\cmd;C:\laragon\bin\git\mingw64\bin;C:\laragon\bin\git\usr\bin;C:\laragon\bin\laragon\utils;C:\laragon\bin\mysql\mysql-8.4.3-winx64\bin;C:\laragon\bin\nginx\nginx-1.27.3;C:\laragon\bin\ngrok;C:\laragon\bin\nodejs\node-v22;C:\laragon\bin\notepad++;C:\laragon\bin\php\php-8.4.4-Win32-vs17-x64;C:\laragon\bin\python\python-3.13;C:\laragon\bin\python\python-3.13\Scripts;C:\laragon\bin\redis\redis-x64-5.0.14.1;C:\laragon\bin\telnet;C:\laragon\usr\bin;C:\Users\MIGUEL\AppData\Local\Yarn\config\global\node_modules\.bin;C:\Users\MIGUEL\AppData\Roaming\Composer\vendor\bin;C:\Users\MIGUEL\AppData\Roaming\npm;C:\Users\MIGUEL\AppData\Local\Programs\Python\Launcher\;C:\Program Files\MySQL\MySQL Shell 8.0\bin\;C:\Users\MIGUEL\scoop\shims;C:\Program Files\Eclipse Adoptium\jdk-8.0.412.8-hotspot\bin;C:\windows\System32;C:\Program Files\dotnet;C:\Program Files\nodejs;C:\Users\MIGUEL\.dotnet\tools;C:\Users\MIGUEL\AppData\Local\Programs\Microsoft VS Code\bin;C:\Users\MIGUEL\AppData\Roaming\Composer\vendor\composer;C:\Users\MIGUEL\AppData\Local\nvim;C:\Users\MIGUEL\AppData\Roaming\Programs\Zero Install;C:\Program Files (x86)\GnuWin32\bin;C:\ProgramData\chocolatey\bin;C:\Users\MIGUEL\Downloads\luarocks-3.11.1-windows-64\luarocks-3.11.1-windows-64;C:\Program Files\Neovim\bin;C:\mingw64\bin;C:\Program Files\7-Zip;C:\Program Files\MongoDB\Server\7.0\bin;C:\Program Files\MongoDB\mongosh-2.3.1-win32-x64\bin;C:\Users\MIGUEL\AppData\Local\Microsoft\WindowsApps;C:\Exercism;C:\Program Files\MySQL\MySQL Server 8.0\bin;C:\Program Files\apache-maven-3.9.9\bin;C:\Program Files\Eclipse Adoptium\jdk-21.0.5.11-hotspot\bin;C:\Users\MIGUEL\AppData\Local\Programs\Python\Python313;C:\Users\MIGUEL\AppData\Local\Programs\cursor\resources\app\bin;C:\development\flutter\bin;;."/>
    <property name="java.vm.info" value="mixed mode, sharing"/>
    <property name="stderr.encoding" value="Cp1252"/>
    <property name="java.vendor" value="Eclipse Adoptium"/>
    <property name="java.vm.version" value="21.0.5+11-LTS"/>
    <property name="sun.io.unicode.encoding" value="UnicodeLittle"/>
    <property name="java.class.version" value="65.0"/>
  </properties>
  <testcase name="repeticiones" classname="com.katusoft.StringUtilTest" time="0.042"/>
</testsuite>